* using log directory ‘/net/fantasia/home/dajiang/RARE-LIPIDS/software/rareMETALS.Rcheck’
* using R version 3.1.3 (2015-03-09)
* using platform: x86_64-pc-linux-gnu (64-bit)
* using session charset: UTF-8
* checking for file ‘rareMETALS/DESCRIPTION’ ... OK
* checking extension type ... Package
* this is package ‘rareMETALS’ version ‘5.9’
* checking package namespace information ... OK
* checking package dependencies ... OK
* checking if this is a source package ... WARNING
Subdirectory ‘rareMETALS/src’ contains apparent object files/libraries
  genericBoot.o imhof.o qfc.o rareMETALS.so ruben.o
Object files/libraries should not be included in a source package.
* checking if there is a namespace ... OK
* checking for executable files ... OK
* checking for hidden files and directories ... NOTE
Found the following hidden files and directories:
  R/.Rhistory
These were most likely included in error. See section ‘Package
structure’ in the ‘Writing R Extensions’ manual.
* checking for portable file names ... OK
* checking for sufficient/correct file permissions ... OK
* checking whether package ‘rareMETALS’ can be installed ... OK
* checking installed package size ... OK
* checking package directory ... OK
* checking DESCRIPTION meta-information ... WARNING
Non-standard license specification:
  GPL3
Standardizable: FALSE
* checking top-level files ... OK
* checking for left-over files ... OK
* checking index information ... OK
* checking package subdirectories ... WARNING
Subdirectory ‘inst’ contains no files.
* checking R files for non-ASCII characters ... OK
* checking R files for syntax errors ... OK
* checking whether the package can be loaded ... OK
* checking whether the package can be loaded with stated dependencies ... OK
* checking whether the package can be unloaded cleanly ... OK
* checking whether the namespace can be loaded with stated dependencies ... OK
* checking whether the namespace can be unloaded cleanly ... OK
* checking loading without being on the library search path ... OK
* checking dependencies in R code ... NOTE
Packages in Depends field not imported from:
  ‘CompQuadForm’ ‘MASS’ ‘getopt’ ‘mvtnorm’ ‘seqminer’
  These packages need to be imported from (in the NAMESPACE file)
  for when this namespace is loaded but not attached.
* checking S3 generic/method consistency ... OK
* checking replacement functions ... OK
* checking foreign function calls ... WARNING
Foreign function calls without 'PACKAGE' argument:
  .C("qfc1", ...)
  .C("genericStat", ...)
  .C("genericBoot", ...)
  .C("genericStat", ...)
  .C("genericBoot", ...)
  .C("genericBoot", ...)
See chapter ‘System and foreign language interfaces’ in the ‘Writing R
Extensions’ manual.
* checking R code for possible problems ... NOTE
RVMETA.conditional: no visible global function definition for
  ‘rvmeta.readData’
RVMETA.conditional: possible error in
  cond.rvmeta(score.stat.vec.list.cond, maf.vec.list.cond,
  cov.mat.list.cond, mean.Y.list, var.Y.list, N.list, alternative,
  no.boot, alpha, rv.test = "WSS", extra.pars = list(ix.X1 = ix.X1,
  ix.X2 = ix.X2)): unused argument (alpha)
RVMETA.conditional: possible error in
  cond.rvmeta(score.stat.vec.list.cond, maf.vec.list.cond,
  cov.mat.list.cond, mean.Y.list, var.Y.list, N.list, alternative,
  no.boot, alpha, rv.test = "GRANVIL", extra.pars = list(ix.X1 = ix.X1,
  ix.X2 = ix.X2)): unused argument (alpha)
RVMETA.conditional: possible error in
  cond.rvmeta(score.stat.vec.list.cond, maf.vec.list.cond,
  cov.mat.list.cond, mean.Y.list, var.Y.list, N.list, alternative,
  no.boot, alpha, rv.test = "SKAT", extra.pars = list(ix.X1 = ix.X1,
  ix.X2 = ix.X2)): unused argument (alpha)
RVMETA.conditional: possible error in
  cond.rvmeta(score.stat.vec.list.cond, maf.vec.list.cond,
  cov.mat.list.cond, mean.Y.list, var.Y.list, N.list, alternative,
  no.boot, alpha, rv.test = "VT", extra.pars = list(ix.X1 = ix.X1,
  ix.X2 = ix.X2)): unused argument (alpha)
RVMETA.pool: no visible global function definition for
  ‘rvmeta.readData’
binary.rareMETALS.single.group: no visible global function definition
  for ‘rvmeta.readDataByRange’
cond.rvmeta: possible error in pnorm(statistic.single, lower.taill =
  FALSE): unused argument (lower.taill = FALSE)
cond.rvmeta: possible error in pnorm(statistic, lower.taill = TRUE):
  unused argument (lower.taill = TRUE)
cond.rvmeta.core: no visible global function definition for ‘ginv’
cond.rvmeta.core: no visible binding for global variable ‘res’
conditional.rareMETALS.gene.basic: no visible global function
  definition for ‘rvmeta.readDataByRange’
conditional.rareMETALS.gene.basic: no visible binding for global
  variable ‘variant.list’
conditional.rareMETALS.gene.byKnownVariant: no visible global function
  definition for ‘find.gene’
conditional.rareMETALS.gene.byKnownVariant: no visible binding for
  global variable ‘known.variant.list’
conditional.rareMETALS.gene.byKnownVariant: no visible global function
  definition for ‘rvmeta.readDataByRange’
conditional.rareMETALS.gene.byKnownVariant: no visible global function
  definition for ‘conditional.rareMETALS.basic’
conditional.rareMETALS.gene.byLocus: no visible global function
  definition for ‘find.topN.variant’
conditional.rareMETALS.gene.byLocus: no visible global function
  definition for ‘rvmeta.readDataByRange’
conditional.rareMETALS.gene.byLocus: no visible global function
  definition for ‘conditional.rareMETALS.basic’
conditional.rareMETALS.range: no visible global function definition for
  ‘rvmeta.readDataByRange’
conditional.rareMETALS.range.group: no visible global function
  definition for ‘rvmeta.readDataByRange’
conditional.rareMETALS.single: no visible global function definition
  for ‘rvmeta.readDataByRange’
conditional.rareMETALS.single.group.core: no visible global function
  definition for ‘rvmeta.readDataByRange’
find.gene.chrpos: no visible binding for global variable ‘res.refFlat’
fisher.gene: no visible global function definition for
  ‘rvmeta.readDataByGene’
fisher.p: no visible global function definition for ‘davies’
fisher.p: no visible global function definition for ‘liu’
get.conditional.score.stat: no visible global function definition for
  ‘ginv’
get.gene.inWindow: no visible binding for global variable ‘res.refFlat’
min.p.gene: no visible global function definition for
  ‘rvmeta.readDataByGene’
pmaxnorm: no visible global function definition for ‘pmvnorm’
pmaxnormsq: no visible global function definition for ‘pmvnorm’
pminnorm: no visible global function definition for ‘pmvnorm’
pvt.core: no visible global function definition for ‘pmvnorm’
rareMETALS.gene: no visible global function definition for
  ‘rvmeta.readDataByGene’
rareMETALS.gene: no visible global function definition for ‘ginv’
rareMETALS.gene.group: no visible global function definition for
  ‘rvmeta.readDataByRange’
rareMETALS.gene.group: no visible binding for global variable
  ‘pos.gold’
rareMETALS.gene.pool: no visible global function definition for
  ‘rvmeta.readDataByGene’
rareMETALS.range.core: no visible global function definition for
  ‘rvmeta.readDataByRange’
rareMETALS.range.group.core: no visible global function definition for
  ‘rvmeta.readDataByRange’
rareMETALS.single: no visible global function definition for
  ‘rvmeta.readDataByRange’
rareMETALS.single.correctRefAlt: no visible global function definition
  for ‘rvmeta.readDataByRange’
rareMETALS.single.group: no visible global function definition for
  ‘rvmeta.readDataByRange’
rvmeta.CMH.skat: no visible global function definition for ‘davies’
rvmeta.CMH.skat: no visible global function definition for ‘liu’
rvmeta.CMH.skat: no visible global function definition for ‘imhof’
rvmeta.CMH.skat: no visible global function definition for ‘rmvnorm’
rvmeta.CMH.wss: no visible binding for global variable ‘N’
rvmeta.CMH.wss: no visible global function definition for ‘rmvnorm’
rvmeta.p: no visible binding for global variable ‘rvmeta.wss’
rvmeta.p: no visible binding for global variable ‘rvmeta.vt’
rvmeta.p: no visible binding for global variable ‘rvmeta.skat’
rvmeta.p: no visible binding for global variable ‘rvmeta.rarecover’
rvmeta.sim: no visible binding for global variable ‘no.pool’
rvmeta.sim: no visible global function definition for ‘sumstat’
* checking Rd files ... OK
* checking Rd metadata ... OK
* checking Rd cross-references ... OK
* checking for missing documentation entries ... WARNING
Undocumented data sets:
  ‘res.refFlat’
All user-level objects in a package should have documentation entries.
See chapter ‘Writing R documentation files’ in the ‘Writing R
Extensions’ manual.
* checking for code/documentation mismatches ... OK
* checking Rd \usage sections ... WARNING
Duplicated \argument entries in documentation object 'binary.rareMETALS.single.group':
  ‘refaltList’

Undocumented arguments in documentation object 'conditional.rareMETALS.range.group'
  ‘refaltList’
Documented arguments not in \usage in documentation object 'conditional.rareMETALS.range.group':
  ‘ix.gold’

Undocumented arguments in documentation object 'conditional.rareMETALS.single'
  ‘candidate.variant.vec’ ‘no.boot’ ‘ix.gold’
  ‘p.value.known.variant.vec’ ‘anno.known.variant.vec’
  ‘anno.candidate.variant.vec’
Documented arguments not in \usage in documentation object 'conditional.rareMETALS.single':
  ‘known.variant.range’ ‘test’

Undocumented arguments in documentation object 'conditional.rareMETALS.single.group'
  ‘approxCov’ ‘correctFlip’
Documented arguments not in \usage in documentation object 'conditional.rareMETALS.single.group':
  ‘test’

Undocumented arguments in documentation object 'conditional.rareMETALS.single.group.core'
  ‘approxCov’ ‘correctFlip’
Documented arguments not in \usage in documentation object 'conditional.rareMETALS.single.group.core':
  ‘test’

Undocumented arguments in documentation object 'find.top.variant'
  ‘candidate.variant.vec’
Documented arguments not in \usage in documentation object 'find.top.variant':
  ‘candidate.vairant.vec’

Undocumented arguments in documentation object 'flipAllele'
  ‘analyzeRefAltListOnly’

Undocumented arguments in documentation object 'rareMETALS.cleanScore'
  ‘af.diff.max’ ‘checkAF’

Undocumented arguments in documentation object 'rareMETALS.gene'
  ‘gene’ ‘gene.file’

Undocumented arguments in documentation object 'rareMETALS.range.group'
  ‘analyzeRefAltListOnly’

Undocumented arguments in documentation object 'rareMETALS.range.group.core'
  ‘correctFlip’ ‘analyzeRefAltListOnly’

Duplicated \argument entries in documentation object 'rareMETALS.single.correctRefAlt':
  ‘refaltList’

Duplicated \argument entries in documentation object 'rareMETALS.single.group':
  ‘refaltList’

Functions with \usage entries need to have the appropriate \alias
entries, and all their arguments documented.
The \usage entries must correspond to syntactically valid R code.
See chapter ‘Writing R documentation files’ in the ‘Writing R
Extensions’ manual.
* checking Rd contents ... OK
* checking for unstated dependencies in examples ... OK
* checking contents of ‘data’ directory ... OK
* checking data for non-ASCII characters ... OK
* checking data for ASCII and uncompressed saves ... OK
* checking line endings in C/C++/Fortran sources/headers ... OK
* checking compiled code ... OK
* checking examples ... NONE
* checking PDF version of manual ... OK
* DONE
WARNING: There were 6 warnings.
NOTE: There were 3 notes.
