Hmm ... looks like a package

This is pdfTeX, Version 3.1415926-1.40.10 (TeX Live 2009/Debian)
entering extended mode
LaTeX2e <2009/09/24>
Babel <v3.8l> and hyphenation patterns for english, usenglishmax, dumylang, noh
yphenation, loaded.
(./Rd2.tex
(/usr/share/texmf-texlive/tex/latex/base/book.cls
Document Class: book 2007/10/19 v1.4h Standard LaTeX document class
(/usr/share/texmf-texlive/tex/latex/base/bk10.clo))
(/usr/share/R/share/texmf/tex/latex/Rd.sty
(/usr/share/texmf-texlive/tex/latex/base/ifthen.sty)
(/usr/share/texmf-texlive/tex/latex/tools/longtable.sty)
(/usr/share/texmf-texlive/tex/latex/tools/bm.sty)
(/usr/share/texmf-texlive/tex/latex/base/alltt.sty)
(/usr/share/texmf-texlive/tex/latex/tools/verbatim.sty)
(/usr/share/texmf-texlive/tex/latex/ltxmisc/url.sty)
(/usr/share/texmf-texlive/tex/latex/base/textcomp.sty
(/usr/share/texmf-texlive/tex/latex/base/ts1enc.def))
(/usr/share/texmf-texlive/tex/latex/base/fontenc.sty
(/usr/share/texmf-texlive/tex/latex/base/t1enc.def))
(/usr/share/texmf-texlive/tex/latex/psnfss/times.sty)
(/usr/share/texmf-texlive/tex/latex/graphics/color.sty
(/etc/texmf/tex/latex/config/color.cfg)
(/usr/share/texmf-texlive/tex/latex/pdftex-def/pdftex.def))
(/usr/share/texmf-texlive/tex/latex/hyperref/hyperref.sty
(/usr/share/texmf-texlive/tex/latex/graphics/keyval.sty)
(/usr/share/texmf-texlive/tex/generic/oberdiek/ifpdf.sty)
(/usr/share/texmf-texlive/tex/generic/oberdiek/ifvtex.sty)
(/usr/share/texmf-texlive/tex/generic/ifxetex/ifxetex.sty)
(/usr/share/texmf-texlive/tex/latex/oberdiek/hycolor.sty
(/usr/share/texmf-texlive/tex/latex/oberdiek/xcolor-patch.sty))
(/usr/share/texmf-texlive/tex/latex/hyperref/pd1enc.def)
(/usr/share/texmf-texlive/tex/generic/oberdiek/etexcmds.sty
(/usr/share/texmf-texlive/tex/generic/oberdiek/infwarerr.sty))
(/usr/share/texmf-texlive/tex/latex/latexconfig/hyperref.cfg)
(/usr/share/texmf-texlive/tex/latex/oberdiek/kvoptions.sty
(/usr/share/texmf-texlive/tex/generic/oberdiek/kvsetkeys.sty))
Implicit mode ON; LaTeX internals redefined
(/usr/share/texmf-texlive/tex/generic/oberdiek/bitset.sty
(/usr/share/texmf-texlive/tex/generic/oberdiek/intcalc.sty)
(/usr/share/texmf-texlive/tex/generic/oberdiek/bigintcalc.sty
(/usr/share/texmf-texlive/tex/generic/oberdiek/pdftexcmds.sty
(/usr/share/texmf-texlive/tex/generic/oberdiek/ifluatex.sty)
(/usr/share/texmf-texlive/tex/generic/oberdiek/ltxcmds.sty))))
(/usr/share/texmf-texlive/tex/generic/oberdiek/atbegshi.sty))
*hyperref using default driver hpdftex*
(/usr/share/texmf-texlive/tex/latex/hyperref/hpdftex.def)

Package hyperref Warning: Option `hyperindex' has already been used,
(hyperref)                setting the option has no effect on input line 366.


Package hyperref Warning: Option `pagebackref' has already been used,
(hyperref)                setting the option has no effect on input line 366.

) (/usr/share/texmf-texlive/tex/latex/base/makeidx.sty)
(/usr/share/texmf-texlive/tex/latex/base/inputenc.sty
(/usr/share/texmf-texlive/tex/latex/base/utf8.def
(/usr/share/texmf-texlive/tex/latex/base/t1enc.dfu)
(/usr/share/texmf-texlive/tex/latex/base/ot1enc.dfu)
(/usr/share/texmf-texlive/tex/latex/base/omsenc.dfu)
(/usr/share/texmf-texlive/tex/latex/base/ts1enc.dfu))
(/usr/share/texmf-texlive/tex/latex/base/latin1.def))
Writing index file Rd2.idx
No file Rd2.aux.
(/usr/share/texmf-texlive/tex/latex/base/ts1cmr.fd)
(/usr/share/texmf-texlive/tex/latex/psnfss/t1ptm.fd)
(/usr/share/texmf-texlive/tex/context/base/supp-pdf.mkii
[Loading MPS to PDF converter (version 2006.09.02).]
) (/usr/share/texmf-texlive/tex/latex/hyperref/nameref.sty
(/usr/share/texmf-texlive/tex/latex/oberdiek/refcount.sty))
(/usr/share/texmf-texlive/tex/latex/psnfss/t1pcr.fd)
(/usr/share/texmf-texlive/tex/latex/psnfss/t1phv.fd)
(/usr/share/texmf-texlive/tex/latex/base/utf8.def)
Overfull \hbox (60.78088pt too wide) in paragraph at lines 46--46
 []\T1/pcr/m/n/10 binary.rareMETALS.single.group(score.stat.file, cov.file, ran
ge, refaltList,[] 

Overfull \hbox (30.78088pt too wide) in paragraph at lines 47--47
 []  \T1/pcr/m/n/10 alternative = c("two.sided", "greater", "less"), callrate.c
utoff = 0,[] 
[1{/var/lib/texmf/fonts/map/pdftex/updmap/pdftex.map}]
Overfull \hbox (6.78088pt too wide) in paragraph at lines 48--48
 []  \T1/pcr/m/n/10 hwe.cutoff = 0, correctFlip = TRUE, analyzeRefAltListOnly =
 TRUE)[] 
(/usr/share/texmf-texlive/tex/latex/base/utf8.def) [2]
(/usr/share/texmf-texlive/tex/latex/base/utf8.def)
Overfull \hbox (48.78088pt too wide) in paragraph at lines 110--110
 []\T1/pcr/m/n/10 conditional.rareMETALS.range(range.name = NULL, score.stat.fi
le, cov.file,[] 

Overfull \hbox (42.78088pt too wide) in paragraph at lines 111--111
 []  \T1/pcr/m/n/10 candidate.variant.vec, known.variant.vec, test = "GRANVIL",
 maf.cutoff,[] 

Overfull \hbox (18.78088pt too wide) in paragraph at lines 113--113
 []  \T1/pcr/m/n/10 out.digits = 4, callrate.cutoff = 0, hwe.cutoff = 0, max.VT
 = NULL)[] 
[3] (/usr/share/texmf-texlive/tex/latex/base/utf8.def)
Overfull \hbox (24.78088pt too wide) in paragraph at lines 155--155
 []\T1/pcr/m/n/10 conditional.rareMETALS.range.group(range.name = NULL, score.s
tat.file,[] 

Overfull \hbox (30.78088pt too wide) in paragraph at lines 156--156
 []  \T1/pcr/m/n/10 cov.file, candidate.variant.vec, known.variant.vec, test = 
"GRANVIL",[] 

Overfull \hbox (48.78088pt too wide) in paragraph at lines 157--157
 []  \T1/pcr/m/n/10 maf.cutoff, alternative = c("two.sided", "greater", "less")
, refaltList,[] 

Overfull \hbox (18.78088pt too wide) in paragraph at lines 158--158
 []  \T1/pcr/m/n/10 out.digits = 4, callrate.cutoff = 0, hwe.cutoff = 0, max.VT
 = NULL,[] 
[4] (/usr/share/texmf-texlive/tex/latex/base/utf8.def)
Overfull \hbox (78.78088pt too wide) in paragraph at lines 205--205
 []\T1/pcr/m/n/10 conditional.rareMETALS.single(candidate.variant.vec, score.st
at.file, cov.file,[] 

Overfull \hbox (11.83865pt too wide) in paragraph at lines 224--225
[]\T1/ptm/m/n/10 range of known vari-ant, ex-pressed in tabix for-mat, e.g. c("
1:123456","1:2345678"); 
[5] (/usr/share/texmf-texlive/tex/latex/base/utf8.def)
Overfull \hbox (30.78088pt too wide) in paragraph at lines 252--252
 []\T1/pcr/m/n/10 conditional.rareMETALS.single.group(candidate.variant, score.
stat.file,[] 

Overfull \hbox (0.78088pt too wide) in paragraph at lines 254--254
 []  \T1/pcr/m/n/10 alternative = c("two.sided", "greater", "less"), out.digits
 = 4,[] 
[6] (/usr/share/texmf-texlive/tex/latex/base/utf8.def)
Overfull \hbox (60.78088pt too wide) in paragraph at lines 298--298
 []\T1/pcr/m/n/10 conditional.rareMETALS.single.group.core(candidate.variant, s
core.stat.file,[] 

Overfull \hbox (0.78088pt too wide) in paragraph at lines 300--300
 []  \T1/pcr/m/n/10 alternative = c("two.sided", "greater", "less"), out.digits
 = 4,[] 
(/usr/share/texmf-texlive/tex/latex/base/utf8.def) [7]
(/usr/share/texmf-texlive/tex/latex/base/utf8.def)
Overfull \hbox (24.78088pt too wide) in paragraph at lines 366--366
 []\T1/pcr/m/n/10 find.top.variant(candidate.variant.vec, window.size, singleva
r.result,[] 
(/usr/share/texmf-texlive/tex/latex/base/utf8.def)
Overfull \hbox (54.78088pt too wide) in paragraph at lines 391--391
 []\T1/pcr/m/n/10 flipAllele(raw.data, raw.data.ori, refaltList, ix.pop, ix.var
, log.mat.var,[] 
[8] (/usr/share/texmf-texlive/tex/latex/base/utf8.def)
(/usr/share/texmf-texlive/tex/latex/base/utf8.def) [9]
(/usr/share/texmf-texlive/tex/latex/base/utf8.def)
(/usr/share/texmf-texlive/tex/latex/base/utf8.def) [10]
(/usr/share/texmf-texlive/tex/latex/base/utf8.def)
Overfull \hbox (78.78088pt too wide) in paragraph at lines 518--518
 []\T1/pcr/m/n/10 rareMETALS.cleanScore(score.stat.file, refaltList, hwe.cutoff
, callrate.cutoff,[] 
(/usr/share/texmf-texlive/tex/latex/base/utf8.def) [11]
Overfull \hbox (36.78088pt too wide) in paragraph at lines 547--547
 []\T1/pcr/m/n/10 rareMETALS.gene(ANNO, score.stat.file, cov.file, gene, test =
 "GRANVIL",[] 

Overfull \hbox (24.78088pt too wide) in paragraph at lines 548--548
 []  \T1/pcr/m/n/10 maf.cutoff, no.boot = 10000, alternative = c("two.sided", "
greater",[] 

Overfull \hbox (42.78088pt too wide) in paragraph at lines 550--550
 []  \T1/pcr/m/n/10 callrate.cutoff = 0, hwe.cutoff = 0, gene.file = "refFlat_h
g19.txt.gz",[] 
(/usr/share/texmf-texlive/tex/latex/base/utf8.def) [12]
Overfull \hbox (6.78088pt too wide) in paragraph at lines 597--597
 []\T1/pcr/m/n/10 rareMETALS.gene.group(score.stat.file, cov.file, range, range
.name,[] 

Overfull \hbox (6.78088pt too wide) in paragraph at lines 600--600
 []  \T1/pcr/m/n/10 ix.gold = 1, out.digits = 4, callrate.cutoff = 0, hwe.cutof
f = 0,[] 
(/usr/share/texmf-texlive/tex/latex/base/utf8.def) [13]
Overfull \hbox (30.78088pt too wide) in paragraph at lines 653--653
 []  \T1/pcr/m/n/10 "greater", "less"), ix.gold = 1, out.digits = 4, callrate.c
utoff = 0,[] 
(/usr/share/texmf-texlive/tex/latex/base/utf8.def)
Overfull \hbox (6.78088pt too wide) in paragraph at lines 698--698
 []\T1/pcr/m/n/10 rareMETALS.range.core(score.stat.file, cov.file, range, range
.name,[] 
[14]
Overfull \hbox (30.78088pt too wide) in paragraph at lines 700--700
 []  \T1/pcr/m/n/10 "greater", "less"), ix.gold = 1, out.digits = 4, callrate.c
utoff = 0,[] 
(/usr/share/texmf-texlive/tex/latex/base/utf8.def)
Overfull \hbox (12.78088pt too wide) in paragraph at lines 745--745
 []\T1/pcr/m/n/10 rareMETALS.range.group(score.stat.file, cov.file, range, rang
e.name,[] 
[15]
Overfull \hbox (0.78088pt too wide) in paragraph at lines 747--747
 []  \T1/pcr/m/n/10 alternative = c("two.sided", "greater", "less"), out.digits
 = 4,[] 
(/usr/share/texmf-texlive/tex/latex/base/utf8.def) [16]
Overfull \hbox (42.78088pt too wide) in paragraph at lines 795--795
 []\T1/pcr/m/n/10 rareMETALS.range.group.core(score.stat.file, cov.file, range,
 range.name,[] 

Overfull \hbox (0.78088pt too wide) in paragraph at lines 797--797
 []  \T1/pcr/m/n/10 alternative = c("two.sided", "greater", "less"), out.digits
 = 4,[] 
(/usr/share/texmf-texlive/tex/latex/base/utf8.def) [17]
(/usr/share/texmf-texlive/tex/latex/base/utf8.def)
Overfull \hbox (66.78088pt too wide) in paragraph at lines 879--879
 []\T1/pcr/m/n/10 rareMETALS.single.correctRefAlt(score.stat.file, cov.file, ra
nge, refaltList,[] 

Overfull \hbox (30.78088pt too wide) in paragraph at lines 880--880
 []  \T1/pcr/m/n/10 alternative = c("two.sided", "greater", "less"), callrate.c
utoff = 0,[] 
[18] (/usr/share/texmf-texlive/tex/latex/base/utf8.def)
Overfull \hbox (18.78088pt too wide) in paragraph at lines 917--917
 []\T1/pcr/m/n/10 rareMETALS.single.group(score.stat.file, cov.file, range, ref
altList,[] 

Overfull \hbox (30.78088pt too wide) in paragraph at lines 918--918
 []  \T1/pcr/m/n/10 alternative = c("two.sided", "greater", "less"), callrate.c
utoff = 0,[] 

Overfull \hbox (6.78088pt too wide) in paragraph at lines 919--919
 []  \T1/pcr/m/n/10 hwe.cutoff = 0, correctFlip = TRUE, analyzeRefAltListOnly =
 TRUE)[] 
[19] (/usr/share/texmf-texlive/tex/latex/base/utf8.def)
(/usr/share/texmf-texlive/tex/latex/base/utf8.def) [20]
(/usr/share/texmf-texlive/tex/latex/base/utf8.def)
(/usr/share/texmf-texlive/tex/latex/base/utf8.def)
(/usr/share/texmf-texlive/tex/latex/base/utf8.def) [21]
No file Rd2.ind.
[22] (./Rd2.aux) )
(see the transcript file for additional information){/usr/share/texmf-texlive/f
onts/enc/dvips/base/8r.enc}</usr/share/texmf-texlive/fonts/type1/urw/courier/uc
rr8a.pfb></usr/share/texmf-texlive/fonts/type1/urw/helvetic/uhvr8a.pfb></usr/sh
are/texmf-texlive/fonts/type1/urw/times/utmb8a.pfb></usr/share/texmf-texlive/fo
nts/type1/urw/times/utmr8a.pfb></usr/share/texmf-texlive/fonts/type1/urw/times/
utmr8a.pfb></usr/share/texmf-texlive/fonts/type1/urw/times/utmri8a.pfb>
Output written on Rd2.pdf (22 pages, 137382 bytes).
Transcript written on Rd2.log.
This is makeindex, version 2.15 [TeX Live 2009] (kpathsea + Thai support).
Scanning input file Rd2.idx....done (29 entries accepted, 0 rejected).
Sorting entries....done (121 comparisons).
Generating output file Rd2.ind....done (52 lines written, 0 warnings).
Output written in Rd2.ind.
Transcript written in Rd2.ilg.
This is pdfTeX, Version 3.1415926-1.40.10 (TeX Live 2009/Debian)
entering extended mode
LaTeX2e <2009/09/24>
Babel <v3.8l> and hyphenation patterns for english, usenglishmax, dumylang, noh
yphenation, loaded.
(./Rd2.tex
(/usr/share/texmf-texlive/tex/latex/base/book.cls
Document Class: book 2007/10/19 v1.4h Standard LaTeX document class
(/usr/share/texmf-texlive/tex/latex/base/bk10.clo))
(/usr/share/R/share/texmf/tex/latex/Rd.sty
(/usr/share/texmf-texlive/tex/latex/base/ifthen.sty)
(/usr/share/texmf-texlive/tex/latex/tools/longtable.sty)
(/usr/share/texmf-texlive/tex/latex/tools/bm.sty)
(/usr/share/texmf-texlive/tex/latex/base/alltt.sty)
(/usr/share/texmf-texlive/tex/latex/tools/verbatim.sty)
(/usr/share/texmf-texlive/tex/latex/ltxmisc/url.sty)
(/usr/share/texmf-texlive/tex/latex/base/textcomp.sty
(/usr/share/texmf-texlive/tex/latex/base/ts1enc.def))
(/usr/share/texmf-texlive/tex/latex/base/fontenc.sty
(/usr/share/texmf-texlive/tex/latex/base/t1enc.def))
(/usr/share/texmf-texlive/tex/latex/psnfss/times.sty)
(/usr/share/texmf-texlive/tex/latex/graphics/color.sty
(/etc/texmf/tex/latex/config/color.cfg)
(/usr/share/texmf-texlive/tex/latex/pdftex-def/pdftex.def))
(/usr/share/texmf-texlive/tex/latex/hyperref/hyperref.sty
(/usr/share/texmf-texlive/tex/latex/graphics/keyval.sty)
(/usr/share/texmf-texlive/tex/generic/oberdiek/ifpdf.sty)
(/usr/share/texmf-texlive/tex/generic/oberdiek/ifvtex.sty)
(/usr/share/texmf-texlive/tex/generic/ifxetex/ifxetex.sty)
(/usr/share/texmf-texlive/tex/latex/oberdiek/hycolor.sty
(/usr/share/texmf-texlive/tex/latex/oberdiek/xcolor-patch.sty))
(/usr/share/texmf-texlive/tex/latex/hyperref/pd1enc.def)
(/usr/share/texmf-texlive/tex/generic/oberdiek/etexcmds.sty
(/usr/share/texmf-texlive/tex/generic/oberdiek/infwarerr.sty))
(/usr/share/texmf-texlive/tex/latex/latexconfig/hyperref.cfg)
(/usr/share/texmf-texlive/tex/latex/oberdiek/kvoptions.sty
(/usr/share/texmf-texlive/tex/generic/oberdiek/kvsetkeys.sty))
Implicit mode ON; LaTeX internals redefined
(/usr/share/texmf-texlive/tex/generic/oberdiek/bitset.sty
(/usr/share/texmf-texlive/tex/generic/oberdiek/intcalc.sty)
(/usr/share/texmf-texlive/tex/generic/oberdiek/bigintcalc.sty
(/usr/share/texmf-texlive/tex/generic/oberdiek/pdftexcmds.sty
(/usr/share/texmf-texlive/tex/generic/oberdiek/ifluatex.sty)
(/usr/share/texmf-texlive/tex/generic/oberdiek/ltxcmds.sty))))
(/usr/share/texmf-texlive/tex/generic/oberdiek/atbegshi.sty))
*hyperref using default driver hpdftex*
(/usr/share/texmf-texlive/tex/latex/hyperref/hpdftex.def)

Package hyperref Warning: Option `hyperindex' has already been used,
(hyperref)                setting the option has no effect on input line 366.


Package hyperref Warning: Option `pagebackref' has already been used,
(hyperref)                setting the option has no effect on input line 366.

) (/usr/share/texmf-texlive/tex/latex/base/makeidx.sty)
(/usr/share/texmf-texlive/tex/latex/base/inputenc.sty
(/usr/share/texmf-texlive/tex/latex/base/utf8.def
(/usr/share/texmf-texlive/tex/latex/base/t1enc.dfu)
(/usr/share/texmf-texlive/tex/latex/base/ot1enc.dfu)
(/usr/share/texmf-texlive/tex/latex/base/omsenc.dfu)
(/usr/share/texmf-texlive/tex/latex/base/ts1enc.dfu))
(/usr/share/texmf-texlive/tex/latex/base/latin1.def))
Writing index file Rd2.idx
(./Rd2.aux) (/usr/share/texmf-texlive/tex/latex/base/ts1cmr.fd)
(/usr/share/texmf-texlive/tex/latex/psnfss/t1ptm.fd)
(/usr/share/texmf-texlive/tex/context/base/supp-pdf.mkii
[Loading MPS to PDF converter (version 2006.09.02).]
) (/usr/share/texmf-texlive/tex/latex/hyperref/nameref.sty
(/usr/share/texmf-texlive/tex/latex/oberdiek/refcount.sty)) (./Rd2.out)
(./Rd2.out) (/usr/share/texmf-texlive/tex/latex/psnfss/t1pcr.fd)
(/usr/share/texmf-texlive/tex/latex/psnfss/t1phv.fd) (./Rd2.toc [1{/var/lib/tex
mf/fonts/map/pdftex/updmap/pdftex.map}])
(/usr/share/texmf-texlive/tex/latex/base/utf8.def)
Overfull \hbox (60.78088pt too wide) in paragraph at lines 46--46
 []\T1/pcr/m/n/10 binary.rareMETALS.single.group(score.stat.file, cov.file, ran
ge, refaltList,[] 

Overfull \hbox (30.78088pt too wide) in paragraph at lines 47--47
 []  \T1/pcr/m/n/10 alternative = c("two.sided", "greater", "less"), callrate.c
utoff = 0,[] 

Overfull \hbox (6.78088pt too wide) in paragraph at lines 48--48
 []  \T1/pcr/m/n/10 hwe.cutoff = 0, correctFlip = TRUE, analyzeRefAltListOnly =
 TRUE)[] 
[2] (/usr/share/texmf-texlive/tex/latex/base/utf8.def)
(/usr/share/texmf-texlive/tex/latex/base/utf8.def)
Overfull \hbox (48.78088pt too wide) in paragraph at lines 110--110
 []\T1/pcr/m/n/10 conditional.rareMETALS.range(range.name = NULL, score.stat.fi
le, cov.file,[] 

Overfull \hbox (42.78088pt too wide) in paragraph at lines 111--111
 []  \T1/pcr/m/n/10 candidate.variant.vec, known.variant.vec, test = "GRANVIL",
 maf.cutoff,[] 

Overfull \hbox (18.78088pt too wide) in paragraph at lines 113--113
 []  \T1/pcr/m/n/10 out.digits = 4, callrate.cutoff = 0, hwe.cutoff = 0, max.VT
 = NULL)[] 
[3] (/usr/share/texmf-texlive/tex/latex/base/utf8.def)
Overfull \hbox (24.78088pt too wide) in paragraph at lines 155--155
 []\T1/pcr/m/n/10 conditional.rareMETALS.range.group(range.name = NULL, score.s
tat.file,[] 

Overfull \hbox (30.78088pt too wide) in paragraph at lines 156--156
 []  \T1/pcr/m/n/10 cov.file, candidate.variant.vec, known.variant.vec, test = 
"GRANVIL",[] 

Overfull \hbox (48.78088pt too wide) in paragraph at lines 157--157
 []  \T1/pcr/m/n/10 maf.cutoff, alternative = c("two.sided", "greater", "less")
, refaltList,[] 

Overfull \hbox (18.78088pt too wide) in paragraph at lines 158--158
 []  \T1/pcr/m/n/10 out.digits = 4, callrate.cutoff = 0, hwe.cutoff = 0, max.VT
 = NULL,[] 
[4] (/usr/share/texmf-texlive/tex/latex/base/utf8.def)
Overfull \hbox (78.78088pt too wide) in paragraph at lines 205--205
 []\T1/pcr/m/n/10 conditional.rareMETALS.single(candidate.variant.vec, score.st
at.file, cov.file,[] 
[5]
Overfull \hbox (11.83865pt too wide) in paragraph at lines 224--225
[]\T1/ptm/m/n/10 range of known vari-ant, ex-pressed in tabix for-mat, e.g. c("
1:123456","1:2345678"); 
(/usr/share/texmf-texlive/tex/latex/base/utf8.def)
Overfull \hbox (30.78088pt too wide) in paragraph at lines 252--252
 []\T1/pcr/m/n/10 conditional.rareMETALS.single.group(candidate.variant, score.
stat.file,[] 

Overfull \hbox (0.78088pt too wide) in paragraph at lines 254--254
 []  \T1/pcr/m/n/10 alternative = c("two.sided", "greater", "less"), out.digits
 = 4,[] 
[6] (/usr/share/texmf-texlive/tex/latex/base/utf8.def)
Overfull \hbox (60.78088pt too wide) in paragraph at lines 298--298
 []\T1/pcr/m/n/10 conditional.rareMETALS.single.group.core(candidate.variant, s
core.stat.file,[] 

Overfull \hbox (0.78088pt too wide) in paragraph at lines 300--300
 []  \T1/pcr/m/n/10 alternative = c("two.sided", "greater", "less"), out.digits
 = 4,[] 
[7] (/usr/share/texmf-texlive/tex/latex/base/utf8.def)
(/usr/share/texmf-texlive/tex/latex/base/utf8.def) [8]
Overfull \hbox (24.78088pt too wide) in paragraph at lines 366--366
 []\T1/pcr/m/n/10 find.top.variant(candidate.variant.vec, window.size, singleva
r.result,[] 
(/usr/share/texmf-texlive/tex/latex/base/utf8.def)
Overfull \hbox (54.78088pt too wide) in paragraph at lines 391--391
 []\T1/pcr/m/n/10 flipAllele(raw.data, raw.data.ori, refaltList, ix.pop, ix.var
, log.mat.var,[] 
(/usr/share/texmf-texlive/tex/latex/base/utf8.def) [9]
(/usr/share/texmf-texlive/tex/latex/base/utf8.def)
(/usr/share/texmf-texlive/tex/latex/base/utf8.def) [10]
(/usr/share/texmf-texlive/tex/latex/base/utf8.def)
(/usr/share/texmf-texlive/tex/latex/base/utf8.def)
Overfull \hbox (78.78088pt too wide) in paragraph at lines 518--518
 []\T1/pcr/m/n/10 rareMETALS.cleanScore(score.stat.file, refaltList, hwe.cutoff
, callrate.cutoff,[] 
[11] (/usr/share/texmf-texlive/tex/latex/base/utf8.def)
Overfull \hbox (36.78088pt too wide) in paragraph at lines 547--547
 []\T1/pcr/m/n/10 rareMETALS.gene(ANNO, score.stat.file, cov.file, gene, test =
 "GRANVIL",[] 

Overfull \hbox (24.78088pt too wide) in paragraph at lines 548--548
 []  \T1/pcr/m/n/10 maf.cutoff, no.boot = 10000, alternative = c("two.sided", "
greater",[] 

Overfull \hbox (42.78088pt too wide) in paragraph at lines 550--550
 []  \T1/pcr/m/n/10 callrate.cutoff = 0, hwe.cutoff = 0, gene.file = "refFlat_h
g19.txt.gz",[] 
[12] (/usr/share/texmf-texlive/tex/latex/base/utf8.def)
Overfull \hbox (6.78088pt too wide) in paragraph at lines 597--597
 []\T1/pcr/m/n/10 rareMETALS.gene.group(score.stat.file, cov.file, range, range
.name,[] 

Overfull \hbox (6.78088pt too wide) in paragraph at lines 600--600
 []  \T1/pcr/m/n/10 ix.gold = 1, out.digits = 4, callrate.cutoff = 0, hwe.cutof
f = 0,[] 
[13] (/usr/share/texmf-texlive/tex/latex/base/utf8.def)
Overfull \hbox (30.78088pt too wide) in paragraph at lines 653--653
 []  \T1/pcr/m/n/10 "greater", "less"), ix.gold = 1, out.digits = 4, callrate.c
utoff = 0,[] 
[14] (/usr/share/texmf-texlive/tex/latex/base/utf8.def)
Overfull \hbox (6.78088pt too wide) in paragraph at lines 698--698
 []\T1/pcr/m/n/10 rareMETALS.range.core(score.stat.file, cov.file, range, range
.name,[] 

Overfull \hbox (30.78088pt too wide) in paragraph at lines 700--700
 []  \T1/pcr/m/n/10 "greater", "less"), ix.gold = 1, out.digits = 4, callrate.c
utoff = 0,[] 
[15] (/usr/share/texmf-texlive/tex/latex/base/utf8.def)
Overfull \hbox (12.78088pt too wide) in paragraph at lines 745--745
 []\T1/pcr/m/n/10 rareMETALS.range.group(score.stat.file, cov.file, range, rang
e.name,[] 

Overfull \hbox (0.78088pt too wide) in paragraph at lines 747--747
 []  \T1/pcr/m/n/10 alternative = c("two.sided", "greater", "less"), out.digits
 = 4,[] 
[16] (/usr/share/texmf-texlive/tex/latex/base/utf8.def)
Overfull \hbox (42.78088pt too wide) in paragraph at lines 795--795
 []\T1/pcr/m/n/10 rareMETALS.range.group.core(score.stat.file, cov.file, range,
 range.name,[] 

Overfull \hbox (0.78088pt too wide) in paragraph at lines 797--797
 []  \T1/pcr/m/n/10 alternative = c("two.sided", "greater", "less"), out.digits
 = 4,[] 
[17] (/usr/share/texmf-texlive/tex/latex/base/utf8.def) [18]
(/usr/share/texmf-texlive/tex/latex/base/utf8.def)
Overfull \hbox (66.78088pt too wide) in paragraph at lines 879--879
 []\T1/pcr/m/n/10 rareMETALS.single.correctRefAlt(score.stat.file, cov.file, ra
nge, refaltList,[] 

Overfull \hbox (30.78088pt too wide) in paragraph at lines 880--880
 []  \T1/pcr/m/n/10 alternative = c("two.sided", "greater", "less"), callrate.c
utoff = 0,[] 
[19] (/usr/share/texmf-texlive/tex/latex/base/utf8.def)
Overfull \hbox (18.78088pt too wide) in paragraph at lines 917--917
 []\T1/pcr/m/n/10 rareMETALS.single.group(score.stat.file, cov.file, range, ref
altList,[] 

Overfull \hbox (30.78088pt too wide) in paragraph at lines 918--918
 []  \T1/pcr/m/n/10 alternative = c("two.sided", "greater", "less"), callrate.c
utoff = 0,[] 

Overfull \hbox (6.78088pt too wide) in paragraph at lines 919--919
 []  \T1/pcr/m/n/10 hwe.cutoff = 0, correctFlip = TRUE, analyzeRefAltListOnly =
 TRUE)[] 
(/usr/share/texmf-texlive/tex/latex/base/utf8.def) [20]
(/usr/share/texmf-texlive/tex/latex/base/utf8.def)
(/usr/share/texmf-texlive/tex/latex/base/utf8.def) [21]
(/usr/share/texmf-texlive/tex/latex/base/utf8.def)
(/usr/share/texmf-texlive/tex/latex/base/utf8.def) [22] (./Rd2.ind [23]
Overfull \hbox (17.3567pt too wide) in paragraph at lines 9--10
[]\T1/pcr/m/n/10 conditional.rareMETALS.range.group\T1/ptm/m/n/10 , 

Overfull \hbox (23.3567pt too wide) in paragraph at lines 11--12
[]\T1/pcr/m/n/10 conditional.rareMETALS.single.group\T1/ptm/m/n/10 , 

Overfull \hbox (53.3567pt too wide) in paragraph at lines 12--14
[]\T1/pcr/m/n/10 conditional.rareMETALS.single.group.core\T1/ptm/m/n/10 , 
[24]) (./Rd2.aux) )
(see the transcript file for additional information){/usr/share/texmf-texlive/f
onts/enc/dvips/base/8r.enc}</usr/share/texmf-texlive/fonts/type1/urw/courier/uc
rr8a.pfb></usr/share/texmf-texlive/fonts/type1/urw/helvetic/uhvr8a.pfb></usr/sh
are/texmf-texlive/fonts/type1/urw/times/utmb8a.pfb></usr/share/texmf-texlive/fo
nts/type1/urw/times/utmr8a.pfb></usr/share/texmf-texlive/fonts/type1/urw/times/
utmr8a.pfb></usr/share/texmf-texlive/fonts/type1/urw/times/utmri8a.pfb>
Output written on Rd2.pdf (24 pages, 158748 bytes).
Transcript written on Rd2.log.
This is makeindex, version 2.15 [TeX Live 2009] (kpathsea + Thai support).
Scanning input file Rd2.idx....done (29 entries accepted, 0 rejected).
Sorting entries....done (121 comparisons).
Generating output file Rd2.ind....done (52 lines written, 0 warnings).
Output written in Rd2.ind.
Transcript written in Rd2.ilg.
This is pdfTeX, Version 3.1415926-1.40.10 (TeX Live 2009/Debian)
entering extended mode
LaTeX2e <2009/09/24>
Babel <v3.8l> and hyphenation patterns for english, usenglishmax, dumylang, noh
yphenation, loaded.
(./Rd2.tex
(/usr/share/texmf-texlive/tex/latex/base/book.cls
Document Class: book 2007/10/19 v1.4h Standard LaTeX document class
(/usr/share/texmf-texlive/tex/latex/base/bk10.clo))
(/usr/share/R/share/texmf/tex/latex/Rd.sty
(/usr/share/texmf-texlive/tex/latex/base/ifthen.sty)
(/usr/share/texmf-texlive/tex/latex/tools/longtable.sty)
(/usr/share/texmf-texlive/tex/latex/tools/bm.sty)
(/usr/share/texmf-texlive/tex/latex/base/alltt.sty)
(/usr/share/texmf-texlive/tex/latex/tools/verbatim.sty)
(/usr/share/texmf-texlive/tex/latex/ltxmisc/url.sty)
(/usr/share/texmf-texlive/tex/latex/base/textcomp.sty
(/usr/share/texmf-texlive/tex/latex/base/ts1enc.def))
(/usr/share/texmf-texlive/tex/latex/base/fontenc.sty
(/usr/share/texmf-texlive/tex/latex/base/t1enc.def))
(/usr/share/texmf-texlive/tex/latex/psnfss/times.sty)
(/usr/share/texmf-texlive/tex/latex/graphics/color.sty
(/etc/texmf/tex/latex/config/color.cfg)
(/usr/share/texmf-texlive/tex/latex/pdftex-def/pdftex.def))
(/usr/share/texmf-texlive/tex/latex/hyperref/hyperref.sty
(/usr/share/texmf-texlive/tex/latex/graphics/keyval.sty)
(/usr/share/texmf-texlive/tex/generic/oberdiek/ifpdf.sty)
(/usr/share/texmf-texlive/tex/generic/oberdiek/ifvtex.sty)
(/usr/share/texmf-texlive/tex/generic/ifxetex/ifxetex.sty)
(/usr/share/texmf-texlive/tex/latex/oberdiek/hycolor.sty
(/usr/share/texmf-texlive/tex/latex/oberdiek/xcolor-patch.sty))
(/usr/share/texmf-texlive/tex/latex/hyperref/pd1enc.def)
(/usr/share/texmf-texlive/tex/generic/oberdiek/etexcmds.sty
(/usr/share/texmf-texlive/tex/generic/oberdiek/infwarerr.sty))
(/usr/share/texmf-texlive/tex/latex/latexconfig/hyperref.cfg)
(/usr/share/texmf-texlive/tex/latex/oberdiek/kvoptions.sty
(/usr/share/texmf-texlive/tex/generic/oberdiek/kvsetkeys.sty))
Implicit mode ON; LaTeX internals redefined
(/usr/share/texmf-texlive/tex/generic/oberdiek/bitset.sty
(/usr/share/texmf-texlive/tex/generic/oberdiek/intcalc.sty)
(/usr/share/texmf-texlive/tex/generic/oberdiek/bigintcalc.sty
(/usr/share/texmf-texlive/tex/generic/oberdiek/pdftexcmds.sty
(/usr/share/texmf-texlive/tex/generic/oberdiek/ifluatex.sty)
(/usr/share/texmf-texlive/tex/generic/oberdiek/ltxcmds.sty))))
(/usr/share/texmf-texlive/tex/generic/oberdiek/atbegshi.sty))
*hyperref using default driver hpdftex*
(/usr/share/texmf-texlive/tex/latex/hyperref/hpdftex.def)

Package hyperref Warning: Option `hyperindex' has already been used,
(hyperref)                setting the option has no effect on input line 366.


Package hyperref Warning: Option `pagebackref' has already been used,
(hyperref)                setting the option has no effect on input line 366.

) (/usr/share/texmf-texlive/tex/latex/base/makeidx.sty)
(/usr/share/texmf-texlive/tex/latex/base/inputenc.sty
(/usr/share/texmf-texlive/tex/latex/base/utf8.def
(/usr/share/texmf-texlive/tex/latex/base/t1enc.dfu)
(/usr/share/texmf-texlive/tex/latex/base/ot1enc.dfu)
(/usr/share/texmf-texlive/tex/latex/base/omsenc.dfu)
(/usr/share/texmf-texlive/tex/latex/base/ts1enc.dfu))
(/usr/share/texmf-texlive/tex/latex/base/latin1.def))
Writing index file Rd2.idx
(./Rd2.aux) (/usr/share/texmf-texlive/tex/latex/base/ts1cmr.fd)
(/usr/share/texmf-texlive/tex/latex/psnfss/t1ptm.fd)
(/usr/share/texmf-texlive/tex/context/base/supp-pdf.mkii
[Loading MPS to PDF converter (version 2006.09.02).]
) (/usr/share/texmf-texlive/tex/latex/hyperref/nameref.sty
(/usr/share/texmf-texlive/tex/latex/oberdiek/refcount.sty)) (./Rd2.out)
(./Rd2.out) (/usr/share/texmf-texlive/tex/latex/psnfss/t1pcr.fd)
(/usr/share/texmf-texlive/tex/latex/psnfss/t1phv.fd) (./Rd2.toc [1{/var/lib/tex
mf/fonts/map/pdftex/updmap/pdftex.map}])
(/usr/share/texmf-texlive/tex/latex/base/utf8.def)
Overfull \hbox (60.78088pt too wide) in paragraph at lines 46--46
 []\T1/pcr/m/n/10 binary.rareMETALS.single.group(score.stat.file, cov.file, ran
ge, refaltList,[] 

Overfull \hbox (30.78088pt too wide) in paragraph at lines 47--47
 []  \T1/pcr/m/n/10 alternative = c("two.sided", "greater", "less"), callrate.c
utoff = 0,[] 

Overfull \hbox (6.78088pt too wide) in paragraph at lines 48--48
 []  \T1/pcr/m/n/10 hwe.cutoff = 0, correctFlip = TRUE, analyzeRefAltListOnly =
 TRUE)[] 
[2] (/usr/share/texmf-texlive/tex/latex/base/utf8.def)
(/usr/share/texmf-texlive/tex/latex/base/utf8.def)
Overfull \hbox (48.78088pt too wide) in paragraph at lines 110--110
 []\T1/pcr/m/n/10 conditional.rareMETALS.range(range.name = NULL, score.stat.fi
le, cov.file,[] 

Overfull \hbox (42.78088pt too wide) in paragraph at lines 111--111
 []  \T1/pcr/m/n/10 candidate.variant.vec, known.variant.vec, test = "GRANVIL",
 maf.cutoff,[] 

Overfull \hbox (18.78088pt too wide) in paragraph at lines 113--113
 []  \T1/pcr/m/n/10 out.digits = 4, callrate.cutoff = 0, hwe.cutoff = 0, max.VT
 = NULL)[] 
[3] (/usr/share/texmf-texlive/tex/latex/base/utf8.def) [4]
Overfull \hbox (24.78088pt too wide) in paragraph at lines 155--155
 []\T1/pcr/m/n/10 conditional.rareMETALS.range.group(range.name = NULL, score.s
tat.file,[] 

Overfull \hbox (30.78088pt too wide) in paragraph at lines 156--156
 []  \T1/pcr/m/n/10 cov.file, candidate.variant.vec, known.variant.vec, test = 
"GRANVIL",[] 

Overfull \hbox (48.78088pt too wide) in paragraph at lines 157--157
 []  \T1/pcr/m/n/10 maf.cutoff, alternative = c("two.sided", "greater", "less")
, refaltList,[] 

Overfull \hbox (18.78088pt too wide) in paragraph at lines 158--158
 []  \T1/pcr/m/n/10 out.digits = 4, callrate.cutoff = 0, hwe.cutoff = 0, max.VT
 = NULL,[] 
[5] (/usr/share/texmf-texlive/tex/latex/base/utf8.def)
Overfull \hbox (78.78088pt too wide) in paragraph at lines 205--205
 []\T1/pcr/m/n/10 conditional.rareMETALS.single(candidate.variant.vec, score.st
at.file, cov.file,[] 

Overfull \hbox (11.83865pt too wide) in paragraph at lines 224--225
[]\T1/ptm/m/n/10 range of known vari-ant, ex-pressed in tabix for-mat, e.g. c("
1:123456","1:2345678"); 
(/usr/share/texmf-texlive/tex/latex/base/utf8.def) [6]
Overfull \hbox (30.78088pt too wide) in paragraph at lines 252--252
 []\T1/pcr/m/n/10 conditional.rareMETALS.single.group(candidate.variant, score.
stat.file,[] 

Overfull \hbox (0.78088pt too wide) in paragraph at lines 254--254
 []  \T1/pcr/m/n/10 alternative = c("two.sided", "greater", "less"), out.digits
 = 4,[] 
(/usr/share/texmf-texlive/tex/latex/base/utf8.def) [7]
Overfull \hbox (60.78088pt too wide) in paragraph at lines 298--298
 []\T1/pcr/m/n/10 conditional.rareMETALS.single.group.core(candidate.variant, s
core.stat.file,[] 

Overfull \hbox (0.78088pt too wide) in paragraph at lines 300--300
 []  \T1/pcr/m/n/10 alternative = c("two.sided", "greater", "less"), out.digits
 = 4,[] 
(/usr/share/texmf-texlive/tex/latex/base/utf8.def) [8]
(/usr/share/texmf-texlive/tex/latex/base/utf8.def)
Overfull \hbox (24.78088pt too wide) in paragraph at lines 366--366
 []\T1/pcr/m/n/10 find.top.variant(candidate.variant.vec, window.size, singleva
r.result,[] 
(/usr/share/texmf-texlive/tex/latex/base/utf8.def)
Overfull \hbox (54.78088pt too wide) in paragraph at lines 391--391
 []\T1/pcr/m/n/10 flipAllele(raw.data, raw.data.ori, refaltList, ix.pop, ix.var
, log.mat.var,[] 
[9] (/usr/share/texmf-texlive/tex/latex/base/utf8.def)
(/usr/share/texmf-texlive/tex/latex/base/utf8.def) [10]
(/usr/share/texmf-texlive/tex/latex/base/utf8.def)
(/usr/share/texmf-texlive/tex/latex/base/utf8.def) [11]
(/usr/share/texmf-texlive/tex/latex/base/utf8.def)
Overfull \hbox (78.78088pt too wide) in paragraph at lines 518--518
 []\T1/pcr/m/n/10 rareMETALS.cleanScore(score.stat.file, refaltList, hwe.cutoff
, callrate.cutoff,[] 
(/usr/share/texmf-texlive/tex/latex/base/utf8.def) [12]
Overfull \hbox (36.78088pt too wide) in paragraph at lines 547--547
 []\T1/pcr/m/n/10 rareMETALS.gene(ANNO, score.stat.file, cov.file, gene, test =
 "GRANVIL",[] 

Overfull \hbox (24.78088pt too wide) in paragraph at lines 548--548
 []  \T1/pcr/m/n/10 maf.cutoff, no.boot = 10000, alternative = c("two.sided", "
greater",[] 

Overfull \hbox (42.78088pt too wide) in paragraph at lines 550--550
 []  \T1/pcr/m/n/10 callrate.cutoff = 0, hwe.cutoff = 0, gene.file = "refFlat_h
g19.txt.gz",[] 
(/usr/share/texmf-texlive/tex/latex/base/utf8.def) [13]
Overfull \hbox (6.78088pt too wide) in paragraph at lines 597--597
 []\T1/pcr/m/n/10 rareMETALS.gene.group(score.stat.file, cov.file, range, range
.name,[] 

Overfull \hbox (6.78088pt too wide) in paragraph at lines 600--600
 []  \T1/pcr/m/n/10 ix.gold = 1, out.digits = 4, callrate.cutoff = 0, hwe.cutof
f = 0,[] 
(/usr/share/texmf-texlive/tex/latex/base/utf8.def) [14]
Overfull \hbox (30.78088pt too wide) in paragraph at lines 653--653
 []  \T1/pcr/m/n/10 "greater", "less"), ix.gold = 1, out.digits = 4, callrate.c
utoff = 0,[] 
(/usr/share/texmf-texlive/tex/latex/base/utf8.def)
Overfull \hbox (6.78088pt too wide) in paragraph at lines 698--698
 []\T1/pcr/m/n/10 rareMETALS.range.core(score.stat.file, cov.file, range, range
.name,[] 
[15]
Overfull \hbox (30.78088pt too wide) in paragraph at lines 700--700
 []  \T1/pcr/m/n/10 "greater", "less"), ix.gold = 1, out.digits = 4, callrate.c
utoff = 0,[] 
(/usr/share/texmf-texlive/tex/latex/base/utf8.def)
Overfull \hbox (12.78088pt too wide) in paragraph at lines 745--745
 []\T1/pcr/m/n/10 rareMETALS.range.group(score.stat.file, cov.file, range, rang
e.name,[] 
[16]
Overfull \hbox (0.78088pt too wide) in paragraph at lines 747--747
 []  \T1/pcr/m/n/10 alternative = c("two.sided", "greater", "less"), out.digits
 = 4,[] 
(/usr/share/texmf-texlive/tex/latex/base/utf8.def) [17]
Overfull \hbox (42.78088pt too wide) in paragraph at lines 795--795
 []\T1/pcr/m/n/10 rareMETALS.range.group.core(score.stat.file, cov.file, range,
 range.name,[] 

Overfull \hbox (0.78088pt too wide) in paragraph at lines 797--797
 []  \T1/pcr/m/n/10 alternative = c("two.sided", "greater", "less"), out.digits
 = 4,[] 
(/usr/share/texmf-texlive/tex/latex/base/utf8.def) [18]
(/usr/share/texmf-texlive/tex/latex/base/utf8.def)
Overfull \hbox (66.78088pt too wide) in paragraph at lines 879--879
 []\T1/pcr/m/n/10 rareMETALS.single.correctRefAlt(score.stat.file, cov.file, ra
nge, refaltList,[] 

Overfull \hbox (30.78088pt too wide) in paragraph at lines 880--880
 []  \T1/pcr/m/n/10 alternative = c("two.sided", "greater", "less"), callrate.c
utoff = 0,[] 
[19] (/usr/share/texmf-texlive/tex/latex/base/utf8.def)
Overfull \hbox (18.78088pt too wide) in paragraph at lines 917--917
 []\T1/pcr/m/n/10 rareMETALS.single.group(score.stat.file, cov.file, range, ref
altList,[] 

Overfull \hbox (30.78088pt too wide) in paragraph at lines 918--918
 []  \T1/pcr/m/n/10 alternative = c("two.sided", "greater", "less"), callrate.c
utoff = 0,[] 

Overfull \hbox (6.78088pt too wide) in paragraph at lines 919--919
 []  \T1/pcr/m/n/10 hwe.cutoff = 0, correctFlip = TRUE, analyzeRefAltListOnly =
 TRUE)[] 
[20] (/usr/share/texmf-texlive/tex/latex/base/utf8.def)
(/usr/share/texmf-texlive/tex/latex/base/utf8.def) [21]
(/usr/share/texmf-texlive/tex/latex/base/utf8.def)
(/usr/share/texmf-texlive/tex/latex/base/utf8.def)
(/usr/share/texmf-texlive/tex/latex/base/utf8.def) [22] (./Rd2.ind [23]
Overfull \hbox (17.3567pt too wide) in paragraph at lines 9--10
[]\T1/pcr/m/n/10 conditional.rareMETALS.range.group\T1/ptm/m/n/10 , 

Overfull \hbox (23.3567pt too wide) in paragraph at lines 11--12
[]\T1/pcr/m/n/10 conditional.rareMETALS.single.group\T1/ptm/m/n/10 , 

Overfull \hbox (53.3567pt too wide) in paragraph at lines 12--14
[]\T1/pcr/m/n/10 conditional.rareMETALS.single.group.core\T1/ptm/m/n/10 , 
[24]) (./Rd2.aux) )
(see the transcript file for additional information){/usr/share/texmf-texlive/f
onts/enc/dvips/base/8r.enc}</usr/share/texmf-texlive/fonts/type1/urw/courier/uc
rr8a.pfb></usr/share/texmf-texlive/fonts/type1/urw/helvetic/uhvr8a.pfb></usr/sh
are/texmf-texlive/fonts/type1/urw/times/utmb8a.pfb></usr/share/texmf-texlive/fo
nts/type1/urw/times/utmr8a.pfb></usr/share/texmf-texlive/fonts/type1/urw/times/
utmr8a.pfb></usr/share/texmf-texlive/fonts/type1/urw/times/utmri8a.pfb>
Output written on Rd2.pdf (24 pages, 159177 bytes).
Transcript written on Rd2.log.
This is makeindex, version 2.15 [TeX Live 2009] (kpathsea + Thai support).
Scanning input file Rd2.idx....done (29 entries accepted, 0 rejected).
Sorting entries....done (121 comparisons).
Generating output file Rd2.ind....done (52 lines written, 0 warnings).
Output written in Rd2.ind.
Transcript written in Rd2.ilg.
This is pdfTeX, Version 3.1415926-1.40.10 (TeX Live 2009/Debian)
entering extended mode
LaTeX2e <2009/09/24>
Babel <v3.8l> and hyphenation patterns for english, usenglishmax, dumylang, noh
yphenation, loaded.
(./Rd2.tex
(/usr/share/texmf-texlive/tex/latex/base/book.cls
Document Class: book 2007/10/19 v1.4h Standard LaTeX document class
(/usr/share/texmf-texlive/tex/latex/base/bk10.clo))
(/usr/share/R/share/texmf/tex/latex/Rd.sty
(/usr/share/texmf-texlive/tex/latex/base/ifthen.sty)
(/usr/share/texmf-texlive/tex/latex/tools/longtable.sty)
(/usr/share/texmf-texlive/tex/latex/tools/bm.sty)
(/usr/share/texmf-texlive/tex/latex/base/alltt.sty)
(/usr/share/texmf-texlive/tex/latex/tools/verbatim.sty)
(/usr/share/texmf-texlive/tex/latex/ltxmisc/url.sty)
(/usr/share/texmf-texlive/tex/latex/base/textcomp.sty
(/usr/share/texmf-texlive/tex/latex/base/ts1enc.def))
(/usr/share/texmf-texlive/tex/latex/base/fontenc.sty
(/usr/share/texmf-texlive/tex/latex/base/t1enc.def))
(/usr/share/texmf-texlive/tex/latex/psnfss/times.sty)
(/usr/share/texmf-texlive/tex/latex/graphics/color.sty
(/etc/texmf/tex/latex/config/color.cfg)
(/usr/share/texmf-texlive/tex/latex/pdftex-def/pdftex.def))
(/usr/share/texmf-texlive/tex/latex/hyperref/hyperref.sty
(/usr/share/texmf-texlive/tex/latex/graphics/keyval.sty)
(/usr/share/texmf-texlive/tex/generic/oberdiek/ifpdf.sty)
(/usr/share/texmf-texlive/tex/generic/oberdiek/ifvtex.sty)
(/usr/share/texmf-texlive/tex/generic/ifxetex/ifxetex.sty)
(/usr/share/texmf-texlive/tex/latex/oberdiek/hycolor.sty
(/usr/share/texmf-texlive/tex/latex/oberdiek/xcolor-patch.sty))
(/usr/share/texmf-texlive/tex/latex/hyperref/pd1enc.def)
(/usr/share/texmf-texlive/tex/generic/oberdiek/etexcmds.sty
(/usr/share/texmf-texlive/tex/generic/oberdiek/infwarerr.sty))
(/usr/share/texmf-texlive/tex/latex/latexconfig/hyperref.cfg)
(/usr/share/texmf-texlive/tex/latex/oberdiek/kvoptions.sty
(/usr/share/texmf-texlive/tex/generic/oberdiek/kvsetkeys.sty))
Implicit mode ON; LaTeX internals redefined
(/usr/share/texmf-texlive/tex/generic/oberdiek/bitset.sty
(/usr/share/texmf-texlive/tex/generic/oberdiek/intcalc.sty)
(/usr/share/texmf-texlive/tex/generic/oberdiek/bigintcalc.sty
(/usr/share/texmf-texlive/tex/generic/oberdiek/pdftexcmds.sty
(/usr/share/texmf-texlive/tex/generic/oberdiek/ifluatex.sty)
(/usr/share/texmf-texlive/tex/generic/oberdiek/ltxcmds.sty))))
(/usr/share/texmf-texlive/tex/generic/oberdiek/atbegshi.sty))
*hyperref using default driver hpdftex*
(/usr/share/texmf-texlive/tex/latex/hyperref/hpdftex.def)

Package hyperref Warning: Option `hyperindex' has already been used,
(hyperref)                setting the option has no effect on input line 366.


Package hyperref Warning: Option `pagebackref' has already been used,
(hyperref)                setting the option has no effect on input line 366.

) (/usr/share/texmf-texlive/tex/latex/base/makeidx.sty)
(/usr/share/texmf-texlive/tex/latex/base/inputenc.sty
(/usr/share/texmf-texlive/tex/latex/base/utf8.def
(/usr/share/texmf-texlive/tex/latex/base/t1enc.dfu)
(/usr/share/texmf-texlive/tex/latex/base/ot1enc.dfu)
(/usr/share/texmf-texlive/tex/latex/base/omsenc.dfu)
(/usr/share/texmf-texlive/tex/latex/base/ts1enc.dfu))
(/usr/share/texmf-texlive/tex/latex/base/latin1.def))
Writing index file Rd2.idx
(./Rd2.aux) (/usr/share/texmf-texlive/tex/latex/base/ts1cmr.fd)
(/usr/share/texmf-texlive/tex/latex/psnfss/t1ptm.fd)
(/usr/share/texmf-texlive/tex/context/base/supp-pdf.mkii
[Loading MPS to PDF converter (version 2006.09.02).]
) (/usr/share/texmf-texlive/tex/latex/hyperref/nameref.sty
(/usr/share/texmf-texlive/tex/latex/oberdiek/refcount.sty)) (./Rd2.out)
(./Rd2.out) (/usr/share/texmf-texlive/tex/latex/psnfss/t1pcr.fd)
(/usr/share/texmf-texlive/tex/latex/psnfss/t1phv.fd) (./Rd2.toc [1{/var/lib/tex
mf/fonts/map/pdftex/updmap/pdftex.map}])
(/usr/share/texmf-texlive/tex/latex/base/utf8.def)
Overfull \hbox (60.78088pt too wide) in paragraph at lines 46--46
 []\T1/pcr/m/n/10 binary.rareMETALS.single.group(score.stat.file, cov.file, ran
ge, refaltList,[] 

Overfull \hbox (30.78088pt too wide) in paragraph at lines 47--47
 []  \T1/pcr/m/n/10 alternative = c("two.sided", "greater", "less"), callrate.c
utoff = 0,[] 

Overfull \hbox (6.78088pt too wide) in paragraph at lines 48--48
 []  \T1/pcr/m/n/10 hwe.cutoff = 0, correctFlip = TRUE, analyzeRefAltListOnly =
 TRUE)[] 
[2] (/usr/share/texmf-texlive/tex/latex/base/utf8.def)
(/usr/share/texmf-texlive/tex/latex/base/utf8.def)
Overfull \hbox (48.78088pt too wide) in paragraph at lines 110--110
 []\T1/pcr/m/n/10 conditional.rareMETALS.range(range.name = NULL, score.stat.fi
le, cov.file,[] 

Overfull \hbox (42.78088pt too wide) in paragraph at lines 111--111
 []  \T1/pcr/m/n/10 candidate.variant.vec, known.variant.vec, test = "GRANVIL",
 maf.cutoff,[] 

Overfull \hbox (18.78088pt too wide) in paragraph at lines 113--113
 []  \T1/pcr/m/n/10 out.digits = 4, callrate.cutoff = 0, hwe.cutoff = 0, max.VT
 = NULL)[] 
[3] (/usr/share/texmf-texlive/tex/latex/base/utf8.def) [4]
Overfull \hbox (24.78088pt too wide) in paragraph at lines 155--155
 []\T1/pcr/m/n/10 conditional.rareMETALS.range.group(range.name = NULL, score.s
tat.file,[] 

Overfull \hbox (30.78088pt too wide) in paragraph at lines 156--156
 []  \T1/pcr/m/n/10 cov.file, candidate.variant.vec, known.variant.vec, test = 
"GRANVIL",[] 

Overfull \hbox (48.78088pt too wide) in paragraph at lines 157--157
 []  \T1/pcr/m/n/10 maf.cutoff, alternative = c("two.sided", "greater", "less")
, refaltList,[] 

Overfull \hbox (18.78088pt too wide) in paragraph at lines 158--158
 []  \T1/pcr/m/n/10 out.digits = 4, callrate.cutoff = 0, hwe.cutoff = 0, max.VT
 = NULL,[] 
[5] (/usr/share/texmf-texlive/tex/latex/base/utf8.def)
Overfull \hbox (78.78088pt too wide) in paragraph at lines 205--205
 []\T1/pcr/m/n/10 conditional.rareMETALS.single(candidate.variant.vec, score.st
at.file, cov.file,[] 

Overfull \hbox (11.83865pt too wide) in paragraph at lines 224--225
[]\T1/ptm/m/n/10 range of known vari-ant, ex-pressed in tabix for-mat, e.g. c("
1:123456","1:2345678"); 
(/usr/share/texmf-texlive/tex/latex/base/utf8.def) [6]
Overfull \hbox (30.78088pt too wide) in paragraph at lines 252--252
 []\T1/pcr/m/n/10 conditional.rareMETALS.single.group(candidate.variant, score.
stat.file,[] 

Overfull \hbox (0.78088pt too wide) in paragraph at lines 254--254
 []  \T1/pcr/m/n/10 alternative = c("two.sided", "greater", "less"), out.digits
 = 4,[] 
(/usr/share/texmf-texlive/tex/latex/base/utf8.def) [7]
Overfull \hbox (60.78088pt too wide) in paragraph at lines 298--298
 []\T1/pcr/m/n/10 conditional.rareMETALS.single.group.core(candidate.variant, s
core.stat.file,[] 

Overfull \hbox (0.78088pt too wide) in paragraph at lines 300--300
 []  \T1/pcr/m/n/10 alternative = c("two.sided", "greater", "less"), out.digits
 = 4,[] 
(/usr/share/texmf-texlive/tex/latex/base/utf8.def) [8]
(/usr/share/texmf-texlive/tex/latex/base/utf8.def)
Overfull \hbox (24.78088pt too wide) in paragraph at lines 366--366
 []\T1/pcr/m/n/10 find.top.variant(candidate.variant.vec, window.size, singleva
r.result,[] 
(/usr/share/texmf-texlive/tex/latex/base/utf8.def)
Overfull \hbox (54.78088pt too wide) in paragraph at lines 391--391
 []\T1/pcr/m/n/10 flipAllele(raw.data, raw.data.ori, refaltList, ix.pop, ix.var
, log.mat.var,[] 
[9] (/usr/share/texmf-texlive/tex/latex/base/utf8.def)
(/usr/share/texmf-texlive/tex/latex/base/utf8.def) [10]
(/usr/share/texmf-texlive/tex/latex/base/utf8.def)
(/usr/share/texmf-texlive/tex/latex/base/utf8.def) [11]
(/usr/share/texmf-texlive/tex/latex/base/utf8.def)
Overfull \hbox (78.78088pt too wide) in paragraph at lines 518--518
 []\T1/pcr/m/n/10 rareMETALS.cleanScore(score.stat.file, refaltList, hwe.cutoff
, callrate.cutoff,[] 
(/usr/share/texmf-texlive/tex/latex/base/utf8.def) [12]
Overfull \hbox (36.78088pt too wide) in paragraph at lines 547--547
 []\T1/pcr/m/n/10 rareMETALS.gene(ANNO, score.stat.file, cov.file, gene, test =
 "GRANVIL",[] 

Overfull \hbox (24.78088pt too wide) in paragraph at lines 548--548
 []  \T1/pcr/m/n/10 maf.cutoff, no.boot = 10000, alternative = c("two.sided", "
greater",[] 

Overfull \hbox (42.78088pt too wide) in paragraph at lines 550--550
 []  \T1/pcr/m/n/10 callrate.cutoff = 0, hwe.cutoff = 0, gene.file = "refFlat_h
g19.txt.gz",[] 
(/usr/share/texmf-texlive/tex/latex/base/utf8.def) [13]
Overfull \hbox (6.78088pt too wide) in paragraph at lines 597--597
 []\T1/pcr/m/n/10 rareMETALS.gene.group(score.stat.file, cov.file, range, range
.name,[] 

Overfull \hbox (6.78088pt too wide) in paragraph at lines 600--600
 []  \T1/pcr/m/n/10 ix.gold = 1, out.digits = 4, callrate.cutoff = 0, hwe.cutof
f = 0,[] 
(/usr/share/texmf-texlive/tex/latex/base/utf8.def) [14]
Overfull \hbox (30.78088pt too wide) in paragraph at lines 653--653
 []  \T1/pcr/m/n/10 "greater", "less"), ix.gold = 1, out.digits = 4, callrate.c
utoff = 0,[] 
(/usr/share/texmf-texlive/tex/latex/base/utf8.def)
Overfull \hbox (6.78088pt too wide) in paragraph at lines 698--698
 []\T1/pcr/m/n/10 rareMETALS.range.core(score.stat.file, cov.file, range, range
.name,[] 
[15]
Overfull \hbox (30.78088pt too wide) in paragraph at lines 700--700
 []  \T1/pcr/m/n/10 "greater", "less"), ix.gold = 1, out.digits = 4, callrate.c
utoff = 0,[] 
(/usr/share/texmf-texlive/tex/latex/base/utf8.def)
Overfull \hbox (12.78088pt too wide) in paragraph at lines 745--745
 []\T1/pcr/m/n/10 rareMETALS.range.group(score.stat.file, cov.file, range, rang
e.name,[] 
[16]
Overfull \hbox (0.78088pt too wide) in paragraph at lines 747--747
 []  \T1/pcr/m/n/10 alternative = c("two.sided", "greater", "less"), out.digits
 = 4,[] 
(/usr/share/texmf-texlive/tex/latex/base/utf8.def) [17]
Overfull \hbox (42.78088pt too wide) in paragraph at lines 795--795
 []\T1/pcr/m/n/10 rareMETALS.range.group.core(score.stat.file, cov.file, range,
 range.name,[] 

Overfull \hbox (0.78088pt too wide) in paragraph at lines 797--797
 []  \T1/pcr/m/n/10 alternative = c("two.sided", "greater", "less"), out.digits
 = 4,[] 
(/usr/share/texmf-texlive/tex/latex/base/utf8.def) [18]
(/usr/share/texmf-texlive/tex/latex/base/utf8.def)
Overfull \hbox (66.78088pt too wide) in paragraph at lines 879--879
 []\T1/pcr/m/n/10 rareMETALS.single.correctRefAlt(score.stat.file, cov.file, ra
nge, refaltList,[] 

Overfull \hbox (30.78088pt too wide) in paragraph at lines 880--880
 []  \T1/pcr/m/n/10 alternative = c("two.sided", "greater", "less"), callrate.c
utoff = 0,[] 
[19] (/usr/share/texmf-texlive/tex/latex/base/utf8.def)
Overfull \hbox (18.78088pt too wide) in paragraph at lines 917--917
 []\T1/pcr/m/n/10 rareMETALS.single.group(score.stat.file, cov.file, range, ref
altList,[] 

Overfull \hbox (30.78088pt too wide) in paragraph at lines 918--918
 []  \T1/pcr/m/n/10 alternative = c("two.sided", "greater", "less"), callrate.c
utoff = 0,[] 

Overfull \hbox (6.78088pt too wide) in paragraph at lines 919--919
 []  \T1/pcr/m/n/10 hwe.cutoff = 0, correctFlip = TRUE, analyzeRefAltListOnly =
 TRUE)[] 
[20] (/usr/share/texmf-texlive/tex/latex/base/utf8.def)
(/usr/share/texmf-texlive/tex/latex/base/utf8.def) [21]
(/usr/share/texmf-texlive/tex/latex/base/utf8.def)
(/usr/share/texmf-texlive/tex/latex/base/utf8.def)
(/usr/share/texmf-texlive/tex/latex/base/utf8.def) [22] (./Rd2.ind [23]
Overfull \hbox (17.3567pt too wide) in paragraph at lines 9--10
[]\T1/pcr/m/n/10 conditional.rareMETALS.range.group\T1/ptm/m/n/10 , 

Overfull \hbox (23.3567pt too wide) in paragraph at lines 11--12
[]\T1/pcr/m/n/10 conditional.rareMETALS.single.group\T1/ptm/m/n/10 , 

Overfull \hbox (53.3567pt too wide) in paragraph at lines 12--14
[]\T1/pcr/m/n/10 conditional.rareMETALS.single.group.core\T1/ptm/m/n/10 , 
[24]) (./Rd2.aux) )
(see the transcript file for additional information){/usr/share/texmf-texlive/f
onts/enc/dvips/base/8r.enc}</usr/share/texmf-texlive/fonts/type1/urw/courier/uc
rr8a.pfb></usr/share/texmf-texlive/fonts/type1/urw/helvetic/uhvr8a.pfb></usr/sh
are/texmf-texlive/fonts/type1/urw/times/utmb8a.pfb></usr/share/texmf-texlive/fo
nts/type1/urw/times/utmr8a.pfb></usr/share/texmf-texlive/fonts/type1/urw/times/
utmr8a.pfb></usr/share/texmf-texlive/fonts/type1/urw/times/utmri8a.pfb>
Output written on Rd2.pdf (24 pages, 159174 bytes).
Transcript written on Rd2.log.
Saving output to 'rareMETALS-manual.pdf' ...
Done
You may want to clean up by 'rm -rf /tmp/RtmpDgGNkt/Rd2pdf76f73760fbe8'
